<?xml version="1.0" encoding="UTF-8"?>
<!-- Generated by org.testng.reporters.JUnitXMLReporter -->
<testsuite ignored="0" hostname="DESKTOP-0K7UAQV" failures="0" tests="6" name="Test" time="12.351" errors="0" timestamp="2024-09-18T15:58:55 IST">
  <testcase classname="fdPack.TwoTest" name="case22" time="0.017"/>
  <testcase classname="fdPack.TwoTest" name="case2" time="0.018"/>
  <testcase classname="fdPack.excelClassTest" name="excel" time="0.972"/>
  <testcase classname="fdPack.ThreeTest" name="case3" time="3.196"/>
  <testcase classname="fdPack.LoginTest" name="login" time="1.772"/>
  <testcase classname="fdPack.LoginTest" name="login" time="1.386"/>
</testsuite> <!-- Test -->
