<?xml version="1.0" encoding="UTF-8"?>
<testng-results ignored="0" total="6" passed="6" failed="0" skipped="0">
  <reporter-output>
  </reporter-output>
  <suite started-at="2024-09-18T15:58:43 IST" name="Suite" finished-at="2024-09-18T15:58:55 IST" duration-ms="12351">
    <groups>
    </groups>
    <test started-at="2024-09-18T15:58:43 IST" name="Test" finished-at="2024-09-18T15:58:55 IST" duration-ms="12351">
      <class name="fdPack.ThreeTest">
        <test-method signature="case3()[pri:0, instance:fdPack.ThreeTest@9d5509a]" started-at="2024-09-18T15:58:43 IST" name="case3" finished-at="2024-09-18T15:58:46 IST" duration-ms="3196" status="PASS">
          <reporter-output>
          </reporter-output>
        </test-method> <!-- case3 -->
      </class> <!-- fdPack.ThreeTest -->
      <class name="fdPack.LoginTest">
        <test-method is-config="true" signature="launch()[pri:0, instance:fdPack.LoginTest@1fa121e2]" started-at="2024-09-18T15:58:44 IST" name="launch" finished-at="2024-09-18T15:58:48 IST" duration-ms="4045" status="PASS">
          <reporter-output>
          </reporter-output>
        </test-method> <!-- launch -->
        <test-method signature="login(java.lang.String,java.lang.String,java.lang.String)[pri:0, instance:fdPack.LoginTest@1fa121e2]" started-at="2024-09-18T15:58:48 IST" name="login" data-provider="getLoginData" finished-at="2024-09-18T15:58:50 IST" duration-ms="1772" status="PASS">
          <params>
            <param index="0">
              <value>
                <![CDATA[phaniatw12@gmail.com]]>
              </value>
            </param>
            <param index="1">
              <value>
                <![CDATA[atw@123]]>
              </value>
            </param>
            <param index="2">
              <value>
                <![CDATA[success]]>
              </value>
            </param>
          </params>
          <reporter-output>
          </reporter-output>
        </test-method> <!-- login -->
        <test-method is-config="true" signature="close()[pri:0, instance:fdPack.LoginTest@1fa121e2]" started-at="2024-09-18T15:58:50 IST" name="close" finished-at="2024-09-18T15:58:50 IST" duration-ms="213" status="PASS">
          <reporter-output>
          </reporter-output>
        </test-method> <!-- close -->
        <test-method is-config="true" signature="launch()[pri:0, instance:fdPack.LoginTest@1fa121e2]" started-at="2024-09-18T15:58:50 IST" name="launch" finished-at="2024-09-18T15:58:53 IST" duration-ms="3653" status="PASS">
          <reporter-output>
          </reporter-output>
        </test-method> <!-- launch -->
        <test-method signature="login(java.lang.String,java.lang.String,java.lang.String)[pri:0, instance:fdPack.LoginTest@1fa121e2]" started-at="2024-09-18T15:58:53 IST" name="login" data-provider="getLoginData" finished-at="2024-09-18T15:58:55 IST" duration-ms="1386" status="PASS">
          <params>
            <param index="0">
              <value>
                <![CDATA[Admin@gmail.com]]>
              </value>
            </param>
            <param index="1">
              <value>
                <![CDATA[admin@123]]>
              </value>
            </param>
            <param index="2">
              <value>
                <![CDATA[success]]>
              </value>
            </param>
          </params>
          <reporter-output>
          </reporter-output>
        </test-method> <!-- login -->
        <test-method is-config="true" signature="close()[pri:0, instance:fdPack.LoginTest@1fa121e2]" started-at="2024-09-18T15:58:55 IST" name="close" finished-at="2024-09-18T15:58:55 IST" duration-ms="232" status="PASS">
          <reporter-output>
          </reporter-output>
        </test-method> <!-- close -->
      </class> <!-- fdPack.LoginTest -->
      <class name="fdPack.TwoTest">
        <test-method signature="case22()[pri:0, instance:fdPack.TwoTest@6f03482]" started-at="2024-09-18T15:58:43 IST" name="case22" finished-at="2024-09-18T15:58:43 IST" duration-ms="17" status="PASS">
          <reporter-output>
          </reporter-output>
        </test-method> <!-- case22 -->
        <test-method signature="case2()[pri:0, instance:fdPack.TwoTest@6f03482]" started-at="2024-09-18T15:58:43 IST" name="case2" finished-at="2024-09-18T15:58:43 IST" duration-ms="18" status="PASS">
          <reporter-output>
          </reporter-output>
        </test-method> <!-- case2 -->
      </class> <!-- fdPack.TwoTest -->
      <class name="fdPack.excelClassTest">
        <test-method signature="excel()[pri:0, instance:fdPack.excelClassTest@477b4cdf]" started-at="2024-09-18T15:58:43 IST" name="excel" finished-at="2024-09-18T15:58:44 IST" duration-ms="972" status="PASS">
          <reporter-output>
          </reporter-output>
        </test-method> <!-- excel -->
      </class> <!-- fdPack.excelClassTest -->
    </test> <!-- Test -->
  </suite> <!-- Suite -->
</testng-results>
